<?xml version="1.0" encoding="UTF-8"?>
<!-- Generated by org.testng.reporters.JUnitReportReporter -->
<testsuite hostname="LENOVO" failures="0" tests="1" name="workout.screenShot" time="0.095" errors="0" timestamp="2023-12-29T13:51:52 IST" skipped="0">
  <testcase classname="workout.screenShot" name="f" time="0.095"/>
  <system-out/>
</testsuite> <!-- workout.screenShot -->
