<?xml version="1.0" encoding="UTF-8"?>
<!-- Generated by org.testng.reporters.JUnitReportReporter -->
<testsuite hostname="LENOVO" failures="0" tests="5" name="testNG1.Jxl" time="0.004" errors="0" timestamp="2024-03-13T07:26:42 IST" skipped="0">
  <testcase classname="testNG1.Jxl" name="print" time="0.000"/>
  <system-out/>
  <testcase classname="testNG1.Jxl" name="print" time="0.000"/>
  <system-out/>
  <testcase classname="testNG1.Jxl" name="print" time="0.000"/>
  <system-out/>
  <testcase classname="testNG1.Jxl" name="print" time="0.004"/>
  <system-out/>
  <testcase classname="testNG1.Jxl" name="print" time="0.000"/>
  <system-out/>
</testsuite> <!-- testNG1.Jxl -->
