<?xml version="1.0" encoding="UTF-8"?>
<!-- Generated by org.testng.reporters.JUnitReportReporter -->
<testsuite hostname="LENOVO" failures="0" tests="5" name="testNG1.grouping" time="0.004" errors="0" timestamp="2023-11-27T18:07:24 IST" skipped="0">
  <testcase classname="testNG1.grouping" name="peacock" time="0.000"/>
  <testcase classname="testNG1.grouping" name="tiger" time="0.001"/>
  <testcase classname="testNG1.grouping" name="lion" time="0.001"/>
  <testcase classname="testNG1.grouping" name="catparrot" time="0.001"/>
  <testcase classname="testNG1.grouping" name="kingfisher" time="0.001"/>
</testsuite> <!-- testNG1.grouping -->
