<?xml version="1.0" encoding="UTF-8"?>
<!-- Generated by org.testng.reporters.JUnitReportReporter -->
<testsuite hostname="LENOVO" failures="0" tests="2" name="testNG1.parallel" time="7.721" errors="0" timestamp="2024-02-11T12:24:04 IST" skipped="0">
  <testcase classname="testNG1.parallel" name="openGoogle" time="2.336"/>
  <system-out/>
  <testcase classname="testNG1.parallel" name="openBing" time="5.385"/>
  <system-out/>
</testsuite> <!-- testNG1.parallel -->
