<?xml version="1.0" encoding="UTF-8"?>
<!-- Generated by org.testng.reporters.JUnitReportReporter -->
<testsuite hostname="LENOVO" failures="0" tests="5" name="testNG.withoutPriority" time="0.007" errors="0" timestamp="2023-11-21T20:54:46 IST" skipped="0">
  <testcase classname="testNG.withoutPriority" name="a" time="0.005"/>
  <testcase classname="testNG.withoutPriority" name="e" time="0.001"/>
  <testcase classname="testNG.withoutPriority" name="d" time="0.000"/>
  <testcase classname="testNG.withoutPriority" name="c" time="0.001"/>
  <testcase classname="testNG.withoutPriority" name="b" time="0.000"/>
</testsuite> <!-- testNG.withoutPriority -->
