<?xml version="1.0" encoding="UTF-8"?>
<!-- Generated by org.testng.reporters.JUnitReportReporter -->
<testsuite hostname="LENOVO" failures="0" tests="5" name="testNG1.withoutPriorityTest" time="0.001" errors="0" timestamp="2023-11-27T18:07:24 IST" skipped="0">
  <testcase classname="testNG1.withoutPriorityTest" name="d" time="0.000"/>
  <testcase classname="testNG1.withoutPriorityTest" name="c" time="0.000"/>
  <testcase classname="testNG1.withoutPriorityTest" name="a" time="0.000"/>
  <testcase classname="testNG1.withoutPriorityTest" name="e" time="0.001"/>
  <testcase classname="testNG1.withoutPriorityTest" name="b" time="0.000"/>
</testsuite> <!-- testNG1.withoutPriorityTest -->
