<?xml version="1.0" encoding="UTF-8"?>
<!-- Generated by org.testng.reporters.JUnitReportReporter -->
<testsuite hostname="LENOVO" failures="0" tests="4" name="testNG1.dataProvider" time="0.010" errors="0" timestamp="2024-02-27T23:03:21 IST" skipped="0">
  <testcase classname="testNG1.dataProvider" name="print" time="0.002"/>
  <system-out/>
  <testcase classname="testNG1.dataProvider" name="print" time="0.001"/>
  <system-out/>
  <testcase classname="testNG1.dataProvider" name="print" time="0.001"/>
  <system-out/>
  <testcase classname="testNG1.dataProvider" name="print" time="0.006"/>
  <system-out/>
</testsuite> <!-- testNG1.dataProvider -->
