<?xml version="1.0" encoding="UTF-8"?>
<!-- Generated by org.testng.reporters.JUnitReportReporter -->
<testsuite hostname="LENOVO" failures="0" tests="1" name="testNG1.baseclass" time="6.185" errors="0" timestamp="2023-11-28T19:55:48 IST" skipped="0">
  <testcase classname="testNG1.baseclass" name="f" time="6.185"/>
</testsuite> <!-- testNG1.baseclass -->
