<?xml version="1.0" encoding="UTF-8"?>
<!-- Generated by org.testng.reporters.JUnitReportReporter -->
<testsuite hostname="LENOVO" failures="0" tests="2" name="testNG1.skipTestCase" time="0.006" errors="0" timestamp="2024-02-10T18:36:47 IST" skipped="1">
  <testcase classname="testNG1.skipTestCase" name="e" time="0.006"/>
  <system-out/>
  <testcase classname="testNG1.skipTestCase" name="f">
    <skipped/>
  </testcase> <!-- f -->
  <system-out/>
</testsuite> <!-- testNG1.skipTestCase -->
