<?xml version="1.0" encoding="UTF-8"?>
<!-- Generated by org.testng.reporters.JUnitReportReporter -->
<testsuite hostname="LENOVO" failures="0" tests="5" name="testNG1.Workout" time="0.007" errors="0" timestamp="2024-03-13T07:26:07 IST" skipped="0">
  <testcase classname="testNG1.Workout" name="test" time="0.001"/>
  <system-out/>
  <testcase classname="testNG1.Workout" name="test" time="0.001"/>
  <system-out/>
  <testcase classname="testNG1.Workout" name="test" time="0.001"/>
  <system-out/>
  <testcase classname="testNG1.Workout" name="test" time="0.003"/>
  <system-out/>
  <testcase classname="testNG1.Workout" name="test" time="0.001"/>
  <system-out/>
</testsuite> <!-- testNG1.Workout -->
