<?xml version="1.0" encoding="UTF-8"?>
<!-- Generated by org.testng.reporters.JUnitReportReporter -->
<testsuite hostname="LENOVO" failures="0" tests="1" name="testNG1.listenerExample" time="0.005" errors="0" timestamp="2024-03-13T07:30:31 IST" skipped="0">
  <testcase classname="testNG1.listenerExample" name="love" time="0.005"/>
  <system-out/>
</testsuite> <!-- testNG1.listenerExample -->
