<?xml version="1.0" encoding="UTF-8"?>
<!-- Generated by org.testng.reporters.JUnitReportReporter -->
<testsuite hostname="LENOVO" failures="0" tests="5" name="testNG1.withPriority" time="0.002" errors="0" timestamp="2023-11-27T18:07:24 IST" skipped="0">
  <testcase classname="testNG1.withPriority" name="a" time="0.000"/>
  <testcase classname="testNG1.withPriority" name="d" time="0.001"/>
  <testcase classname="testNG1.withPriority" name="e" time="0.000"/>
  <testcase classname="testNG1.withPriority" name="c" time="0.001"/>
  <testcase classname="testNG1.withPriority" name="b" time="0.000"/>
</testsuite> <!-- testNG1.withPriority -->
