<?xml version="1.0" encoding="UTF-8"?>
<!-- Generated by org.testng.reporters.JUnitReportReporter -->
<testsuite hostname="LENOVO" failures="0" tests="3" name="testNG1.dependOn" time="0.007" errors="0" timestamp="2024-02-10T18:48:38 IST" skipped="0">
  <testcase classname="testNG1.dependOn" name="sslc" time="0.006"/>
  <system-out/>
  <testcase classname="testNG1.dependOn" name="higherSecondary" time="0.001"/>
  <system-out/>
  <testcase classname="testNG1.dependOn" name="College" time="0.000"/>
  <system-out/>
</testsuite> <!-- testNG1.dependOn -->
