<?xml version="1.0" encoding="UTF-8"?>
<!-- Generated by org.testng.reporters.JUnitReportReporter -->
<testsuite hostname="LENOVO" failures="0" tests="10" name="testNG.invocationCount" time="0.012" errors="0" timestamp="2023-11-21T21:47:54 IST" skipped="0">
  <testcase classname="testNG.invocationCount" name="f" time="0.001"/>
  <testcase classname="testNG.invocationCount" name="f" time="0.001"/>
  <testcase classname="testNG.invocationCount" name="f" time="0.002"/>
  <testcase classname="testNG.invocationCount" name="f" time="0.000"/>
  <testcase classname="testNG.invocationCount" name="f" time="0.001"/>
  <testcase classname="testNG.invocationCount" name="f" time="0.001"/>
  <testcase classname="testNG.invocationCount" name="f" time="0.001"/>
  <testcase classname="testNG.invocationCount" name="f" time="0.000"/>
  <testcase classname="testNG.invocationCount" name="f" time="0.005"/>
  <testcase classname="testNG.invocationCount" name="f" time="0.000"/>
</testsuite> <!-- testNG.invocationCount -->
