<?xml version="1.0" encoding="UTF-8"?>
<!-- Generated by org.testng.reporters.JUnitReportReporter -->
<testsuite hostname="LENOVO" failures="0" tests="2" name="testNG1.parallel2" time="102.776" errors="0" timestamp="2024-05-03T21:59:26 IST" skipped="0">
  <testcase classname="testNG1.parallel2" name="openGoogle" time="50.351"/>
  <system-out/>
  <testcase classname="testNG1.parallel2" name="openBing" time="52.425"/>
  <system-out/>
</testsuite> <!-- testNG1.parallel2 -->
