<?xml version="1.0" encoding="UTF-8"?>
<!-- Generated by org.testng.reporters.JUnitReportReporter -->
<testsuite hostname="LENOVO" failures="0" tests="2" name="testNG1.regularExperssion" time="0.006" errors="0" timestamp="2023-11-27T17:31:19 IST" skipped="0">
  <testcase classname="testNG1.regularExperssion" name="eggFry" time="0.001"/>
  <testcase classname="testNG1.regularExperssion" name="eggDosa" time="0.005"/>
</testsuite> <!-- testNG1.regularExperssion -->
