<?xml version="1.0" encoding="UTF-8"?>
<!-- Generated by org.testng.reporters.JUnitReportReporter -->
<testsuite hostname="LENOVO" failures="0" tests="2" name="pom2_test.Test1" time="7.584" errors="0" timestamp="2023-11-30T19:19:31 IST" skipped="0">
  <testcase classname="pom2_test.Test1" name="homepagefull" time="6.901"/>
  <system-out/>
  <testcase classname="pom2_test.Test1" name="signInPageFull" time="0.683"/>
  <system-out/>
</testsuite> <!-- pom2_test.Test1 -->
