<?xml version="1.0" encoding="UTF-8"?>
<!-- Generated by org.testng.reporters.JUnitReportReporter -->
<testsuite hostname="LENOVO" failures="0" tests="1" name="testNG.allAnnotation" time="0.004" errors="0" timestamp="2023-11-21T21:46:16 IST" skipped="0">
  <testcase classname="testNG.allAnnotation" name="f" time="0.004"/>
</testsuite> <!-- testNG.allAnnotation -->
