<?xml version="1.0" encoding="UTF-8"?>
<!-- Generated by org.testng.reporters.JUnitReportReporter -->
<testsuite hostname="LENOVO" failures="0" tests="5" name="testNG1.metaGrouping" time="0.013" errors="0" timestamp="2023-11-24T20:41:12 IST" skipped="0">
  <testcase classname="testNG1.metaGrouping" name="tiger" time="0.001"/>
  <testcase classname="testNG1.metaGrouping" name="peacock" time="0.000"/>
  <testcase classname="testNG1.metaGrouping" name="kingfisher" time="0.002"/>
  <testcase classname="testNG1.metaGrouping" name="catparrot" time="0.009"/>
  <testcase classname="testNG1.metaGrouping" name="lion" time="0.001"/>
</testsuite> <!-- testNG1.metaGrouping -->
