<?xml version="1.0" encoding="UTF-8"?>
<!-- Generated by org.testng.reporters.JUnitReportReporter -->
<testsuite hostname="LENOVO" failures="0" tests="1" name="testNG.annotation" time="3.309" errors="0" timestamp="2023-11-21T21:05:59 IST" skipped="0">
  <testcase classname="testNG.annotation" name="f" time="3.309"/>
</testsuite> <!-- testNG.annotation -->
