<?xml version="1.0" encoding="UTF-8"?>
<!-- Generated by org.testng.reporters.JUnitReportReporter -->
<testsuite hostname="LENOVO" failures="0" tests="1" name="testNG1.parameter" time="0.005" errors="0" timestamp="2024-01-05T12:03:00 IST" skipped="0">
  <testcase classname="testNG1.parameter" name="surya" time="0.005"/>
  <system-out/>
</testsuite> <!-- testNG1.parameter -->
