<?xml version="1.0" encoding="UTF-8"?>
<!-- Generated by org.testng.reporters.JUnitReportReporter -->
<testsuite hostname="LENOVO" failures="0" tests="1" name="testNG.NewTest" time="5.085" errors="0" timestamp="2023-11-21T09:16:26 IST" skipped="0">
  <testcase classname="testNG.NewTest" name="f" time="5.085"/>
</testsuite> <!-- testNG.NewTest -->
