<?xml version="1.0" encoding="UTF-8"?>
<!-- Generated by org.testng.reporters.JUnitReportReporter -->
<testsuite hostname="LENOVO" failures="0" tests="5" name="testNG.withPriorityTest" time="0.009" errors="0" timestamp="2023-11-21T20:52:41 IST" skipped="0">
  <testcase classname="testNG.withPriorityTest" name="e" time="0.000"/>
  <testcase classname="testNG.withPriorityTest" name="d" time="0.001"/>
  <testcase classname="testNG.withPriorityTest" name="b" time="0.001"/>
  <testcase classname="testNG.withPriorityTest" name="a" time="0.006"/>
  <testcase classname="testNG.withPriorityTest" name="c" time="0.001"/>
</testsuite> <!-- testNG.withPriorityTest -->
