<?xml version="1.0" encoding="UTF-8"?>
<!-- Generated by org.testng.reporters.JUnitReportReporter -->
<testsuite hostname="LENOVO" failures="0" tests="7" name="testNG1.classLevel" time="0.011" errors="0" timestamp="2023-11-27T18:07:24 IST" skipped="0">
  <testcase classname="testNG1.classLevel" name="kingfisher" time="0.002"/>
  <testcase classname="testNG1.classLevel" name="nogroup2" time="0.001"/>
  <testcase classname="testNG1.classLevel" name="catparrot" time="0.005"/>
  <testcase classname="testNG1.classLevel" name="nogroup1" time="0.001"/>
  <testcase classname="testNG1.classLevel" name="peacock" time="0.000"/>
  <testcase classname="testNG1.classLevel" name="tiger" time="0.001"/>
  <testcase classname="testNG1.classLevel" name="lion" time="0.001"/>
</testsuite> <!-- testNG1.classLevel -->
