<?xml version="1.0" encoding="UTF-8"?>
<!-- Generated by org.testng.reporters.JUnitReportReporter -->
<testsuite hostname="LENOVO" failures="0" tests="10" name="testNG1.invocationCount" time="0.007" errors="0" timestamp="2024-03-12T07:39:37 IST" skipped="0">
  <testcase classname="testNG1.invocationCount" name="f" time="0.000"/>
  <system-out/>
  <testcase classname="testNG1.invocationCount" name="f" time="0.000"/>
  <system-out/>
  <testcase classname="testNG1.invocationCount" name="f" time="0.000"/>
  <system-out/>
  <testcase classname="testNG1.invocationCount" name="f" time="0.005"/>
  <system-out/>
  <testcase classname="testNG1.invocationCount" name="f" time="0.001"/>
  <system-out/>
  <testcase classname="testNG1.invocationCount" name="f" time="0.000"/>
  <system-out/>
  <testcase classname="testNG1.invocationCount" name="f" time="0.000"/>
  <system-out/>
  <testcase classname="testNG1.invocationCount" name="f" time="0.000"/>
  <system-out/>
  <testcase classname="testNG1.invocationCount" name="f" time="0.001"/>
  <system-out/>
  <testcase classname="testNG1.invocationCount" name="f" time="0.000"/>
  <system-out/>
</testsuite> <!-- testNG1.invocationCount -->
