<?xml version="1.0" encoding="UTF-8"?>
<!-- Generated by org.testng.reporters.JUnitReportReporter -->
<testsuite hostname="LENOVO" failures="0" tests="1" name="testNG1.NewTest" time="5.181" errors="0" timestamp="2024-03-13T15:06:33 IST" skipped="0">
  <testcase classname="testNG1.NewTest" name="f" time="5.181"/>
  <system-out/>
</testsuite> <!-- testNG1.NewTest -->
